c:\users\tjddm\onedrive\바탕 화면\sourcetree\growinghero\growingheroserver\libraries\debug\serverlib.pdb
c:\users\tjddm\onedrive\바탕 화면\sourcetree\growinghero\growingheroserver\libraries\debug\serverlib.idb
c:\users\tjddm\onedrive\바탕 화면\sourcetree\growinghero\growingheroserver\serverlib\x64\debug\types.obj
c:\users\tjddm\onedrive\바탕 화면\sourcetree\growinghero\growingheroserver\serverlib\x64\debug\threadmanager.obj
c:\users\tjddm\onedrive\바탕 화면\sourcetree\growinghero\growingheroserver\serverlib\x64\debug\rw_spinlock.obj
c:\users\tjddm\onedrive\바탕 화면\sourcetree\growinghero\growingheroserver\serverlib\x64\debug\refcounting.obj
c:\users\tjddm\onedrive\바탕 화면\sourcetree\growinghero\growingheroserver\serverlib\x64\debug\deadlockprofiler.obj
c:\users\tjddm\onedrive\바탕 화면\sourcetree\growinghero\growingheroserver\serverlib\x64\debug\coretls.obj
c:\users\tjddm\onedrive\바탕 화면\sourcetree\growinghero\growingheroserver\serverlib\x64\debug\corepch.obj
c:\users\tjddm\onedrive\바탕 화면\sourcetree\growinghero\growingheroserver\serverlib\x64\debug\coreglobalvariable.obj
c:\users\tjddm\onedrive\바탕 화면\sourcetree\growinghero\growingheroserver\serverlib\x64\debug\containerredefine.obj
c:\users\tjddm\onedrive\바탕 화면\sourcetree\growinghero\growingheroserver\serverlib\x64\debug\typecast.obj
c:\users\tjddm\onedrive\바탕 화면\sourcetree\growinghero\growingheroserver\serverlib\x64\debug\socketutils.obj
c:\users\tjddm\onedrive\바탕 화면\sourcetree\growinghero\growingheroserver\serverlib\x64\debug\netaddress.obj
c:\users\tjddm\onedrive\바탕 화면\sourcetree\growinghero\growingheroserver\serverlib\x64\debug\memory.obj
c:\users\tjddm\onedrive\바탕 화면\sourcetree\growinghero\growingheroserver\serverlib\x64\debug\allocator.obj
c:\users\tjddm\onedrive\바탕 화면\sourcetree\growinghero\growingheroserver\serverlib\x64\debug\iocpobjects.obj
c:\users\tjddm\onedrive\바탕 화면\sourcetree\growinghero\growingheroserver\serverlib\x64\debug\iocpcore.obj
c:\users\tjddm\onedrive\바탕 화면\sourcetree\growinghero\growingheroserver\serverlib\x64\debug\iocpevents.obj
c:\users\tjddm\onedrive\바탕 화면\sourcetree\growinghero\growingheroserver\serverlib\x64\debug\memorypool.obj
c:\users\tjddm\onedrive\바탕 화면\sourcetree\growinghero\growingheroserver\serverlib\x64\debug\service.obj
c:\users\tjddm\onedrive\바탕 화면\sourcetree\growinghero\growingheroserver\serverlib\x64\debug\recvbuffer.obj
c:\users\tjddm\onedrive\바탕 화면\sourcetree\growinghero\growingheroserver\serverlib\x64\debug\sendbuffer.obj
c:\users\tjddm\onedrive\바탕 화면\sourcetree\growinghero\growingheroserver\serverlib\x64\debug\bufferwriter.obj
c:\users\tjddm\onedrive\바탕 화면\sourcetree\growinghero\growingheroserver\serverlib\x64\debug\bufferreader.obj
c:\users\tjddm\onedrive\바탕 화면\sourcetree\growinghero\growingheroserver\serverlib\x64\debug\serverlib.pch
c:\users\tjddm\onedrive\바탕 화면\sourcetree\growinghero\growingheroserver\serverlib\x64\debug\pch.obj
c:\users\tjddm\onedrive\바탕 화면\sourcetree\growinghero\growingheroserver\libraries\debug\serverlib.lib
c:\users\tjddm\onedrive\바탕 화면\sourcetree\growinghero\growingheroserver\serverlib\x64\debug\serverlib.tlog\cl.command.1.tlog
c:\users\tjddm\onedrive\바탕 화면\sourcetree\growinghero\growingheroserver\serverlib\x64\debug\serverlib.tlog\cl.items.tlog
c:\users\tjddm\onedrive\바탕 화면\sourcetree\growinghero\growingheroserver\serverlib\x64\debug\serverlib.tlog\cl.read.1.tlog
c:\users\tjddm\onedrive\바탕 화면\sourcetree\growinghero\growingheroserver\serverlib\x64\debug\serverlib.tlog\cl.write.1.tlog
c:\users\tjddm\onedrive\바탕 화면\sourcetree\growinghero\growingheroserver\serverlib\x64\debug\serverlib.tlog\lib-link.read.1.tlog
c:\users\tjddm\onedrive\바탕 화면\sourcetree\growinghero\growingheroserver\serverlib\x64\debug\serverlib.tlog\lib-link.write.1.tlog
c:\users\tjddm\onedrive\바탕 화면\sourcetree\growinghero\growingheroserver\serverlib\x64\debug\serverlib.tlog\lib.command.1.tlog
