c:\users\tjddm\onedrive\바탕 화면\sourcetree\growinghero\growingheroserver\growingheroserver\x64\debug\growingheroserver.pch
c:\users\tjddm\onedrive\바탕 화면\sourcetree\growinghero\growingheroserver\growingheroserver\x64\debug\vc143.pdb
c:\users\tjddm\onedrive\바탕 화면\sourcetree\growinghero\growingheroserver\growingheroserver\x64\debug\vc143.idb
c:\users\tjddm\onedrive\바탕 화면\sourcetree\growinghero\growingheroserver\growingheroserver\x64\debug\pch.obj
c:\users\tjddm\onedrive\바탕 화면\sourcetree\growinghero\growingheroserver\growingheroserver\x64\debug\growingheroserver.obj
c:\users\tjddm\onedrive\바탕 화면\sourcetree\growinghero\growingheroserver\growingheroserver\x64\debug\gamesession.obj
c:\users\tjddm\onedrive\바탕 화면\sourcetree\growinghero\growingheroserver\growingheroserver\x64\debug\childsessionmgr.obj
c:\users\tjddm\onedrive\바탕 화면\sourcetree\growinghero\growingheroserver\growingheroserver\x64\debug\packethandler.obj
c:\users\tjddm\onedrive\바탕 화면\sourcetree\growinghero\growingheroserver\growingheroserver\x64\debug\protocol.pb.obj
c:\users\tjddm\onedrive\바탕 화면\sourcetree\growinghero\growingheroserver\binary\debug\growingheroserver.exe
c:\users\tjddm\onedrive\바탕 화면\sourcetree\growinghero\growingheroserver\binary\debug\growingheroserver.pdb
c:\users\tjddm\onedrive\바탕 화면\sourcetree\growinghero\growingheroserver\growingheroserver\x64\debug\growingheroserver.ilk
c:\users\tjddm\onedrive\바탕 화면\sourcetree\growinghero\growingheroserver\growingheroserver\x64\debug\gamesessionmgr.obj
c:\users\tjddm\onedrive\바탕 화면\sourcetree\growinghero\growingheroserver\growingheroserver\x64\debug\serverpackethandler.obj
c:\users\tjddm\onedrive\바탕 화면\sourcetree\growinghero\growingheroserver\growingheroserver\x64\debug\ttttt.obj
c:\users\tjddm\onedrive\바탕 화면\sourcetree\growinghero\growingheroserver\growingheroserver\x64\debug\growingh.e130ab08.tlog\cl.command.1.tlog
c:\users\tjddm\onedrive\바탕 화면\sourcetree\growinghero\growingheroserver\growingheroserver\x64\debug\growingh.e130ab08.tlog\cl.items.tlog
c:\users\tjddm\onedrive\바탕 화면\sourcetree\growinghero\growingheroserver\growingheroserver\x64\debug\growingh.e130ab08.tlog\cl.read.1.tlog
c:\users\tjddm\onedrive\바탕 화면\sourcetree\growinghero\growingheroserver\growingheroserver\x64\debug\growingh.e130ab08.tlog\cl.write.1.tlog
c:\users\tjddm\onedrive\바탕 화면\sourcetree\growinghero\growingheroserver\growingheroserver\x64\debug\growingh.e130ab08.tlog\link.command.1.tlog
c:\users\tjddm\onedrive\바탕 화면\sourcetree\growinghero\growingheroserver\growingheroserver\x64\debug\growingh.e130ab08.tlog\link.read.1.tlog
c:\users\tjddm\onedrive\바탕 화면\sourcetree\growinghero\growingheroserver\growingheroserver\x64\debug\growingh.e130ab08.tlog\link.secondary.1.tlog
c:\users\tjddm\onedrive\바탕 화면\sourcetree\growinghero\growingheroserver\growingheroserver\x64\debug\growingh.e130ab08.tlog\link.write.1.tlog
